24/11/20 19:48:56 INFO SparkContext: Running Spark version 3.4.1
24/11/20 19:48:56 WARN NativeCodeLoader: Unable to load native-hadoop library for your platform... using builtin-java classes where applicable
24/11/20 19:48:56 INFO ResourceUtils: ==============================================================
24/11/20 19:48:56 INFO ResourceUtils: No custom resources configured for spark.driver.
24/11/20 19:48:56 INFO ResourceUtils: ==============================================================
24/11/20 19:48:56 INFO SparkContext: Submitted application: ChessGames
24/11/20 19:48:56 INFO ResourceProfile: Default ResourceProfile created, executor resources: Map(cores -> name: cores, amount: 1, script: , vendor: , memory -> name: memory, amount: 1024, script: , vendor: , offHeap -> name: offHeap, amount: 0, script: , vendor: ), task resources: Map(cpus -> name: cpus, amount: 1.0)
24/11/20 19:48:56 INFO ResourceProfile: Limiting resource is cpu
24/11/20 19:48:56 INFO ResourceProfileManager: Added ResourceProfile id: 0
24/11/20 19:48:56 INFO SecurityManager: Changing view acls to: zrc3hc
24/11/20 19:48:56 INFO SecurityManager: Changing modify acls to: zrc3hc
24/11/20 19:48:56 INFO SecurityManager: Changing view acls groups to: 
24/11/20 19:48:56 INFO SecurityManager: Changing modify acls groups to: 
24/11/20 19:48:56 INFO SecurityManager: SecurityManager: authentication disabled; ui acls disabled; users with view permissions: zrc3hc; groups with view permissions: EMPTY; users with modify permissions: zrc3hc; groups with modify permissions: EMPTY
24/11/20 19:48:57 INFO Utils: Successfully started service 'sparkDriver' on port 41633.
24/11/20 19:48:57 INFO SparkEnv: Registering MapOutputTracker
24/11/20 19:48:57 INFO SparkEnv: Registering BlockManagerMaster
24/11/20 19:48:57 INFO BlockManagerMasterEndpoint: Using org.apache.spark.storage.DefaultTopologyMapper for getting topology information
24/11/20 19:48:57 INFO BlockManagerMasterEndpoint: BlockManagerMasterEndpoint up
24/11/20 19:48:57 INFO SparkEnv: Registering BlockManagerMasterHeartbeat
24/11/20 19:48:57 INFO DiskBlockManager: Created local directory at /sfs/weka/scratch/zrc3hc/blockmgr-a68c464e-8f07-4ed4-8d1a-ac98cbd077b9
24/11/20 19:48:57 INFO MemoryStore: MemoryStore started with capacity 434.4 MiB
24/11/20 19:48:57 INFO SparkEnv: Registering OutputCommitCoordinator
24/11/20 19:48:57 INFO JettyUtils: Start Jetty 0.0.0.0:4040 for SparkUI
24/11/20 19:48:57 INFO Utils: Successfully started service 'SparkUI' on port 4040.
24/11/20 19:48:57 INFO Executor: Starting executor ID driver on host udc-aw32-9c1
24/11/20 19:48:57 INFO Executor: Starting executor with user classpath (userClassPathFirst = false): ''
24/11/20 19:48:57 INFO Utils: Successfully started service 'org.apache.spark.network.netty.NettyBlockTransferService' on port 34781.
24/11/20 19:48:57 INFO NettyBlockTransferService: Server created on udc-aw32-9c1:34781
24/11/20 19:48:57 INFO BlockManager: Using org.apache.spark.storage.RandomBlockReplicationPolicy for block replication policy
24/11/20 19:48:57 INFO BlockManagerMaster: Registering BlockManager BlockManagerId(driver, udc-aw32-9c1, 34781, None)
24/11/20 19:48:57 INFO BlockManagerMasterEndpoint: Registering block manager udc-aw32-9c1:34781 with 434.4 MiB RAM, BlockManagerId(driver, udc-aw32-9c1, 34781, None)
24/11/20 19:48:57 INFO BlockManagerMaster: Registered BlockManager BlockManagerId(driver, udc-aw32-9c1, 34781, None)
24/11/20 19:48:57 INFO BlockManager: Initialized BlockManager: BlockManagerId(driver, udc-aw32-9c1, 34781, None)
24/11/20 19:48:58 INFO SharedState: Setting hive.metastore.warehouse.dir ('null') to the value of spark.sql.warehouse.dir.
24/11/20 19:48:58 INFO SharedState: Warehouse path is 'file:/sfs/gpfs/tardis/home/zrc3hc/Chess/slurm/spark-warehouse'.
24/11/20 19:48:59 INFO InMemoryFileIndex: It took 66 ms to list leaf files for 1 paths.
24/11/20 19:48:59 INFO InMemoryFileIndex: It took 2 ms to list leaf files for 1 paths.
24/11/20 19:49:01 INFO FileSourceStrategy: Pushed Filters: 
24/11/20 19:49:01 INFO FileSourceStrategy: Post-Scan Filters: (length(trim(value#0, None)) > 0)
24/11/20 19:49:02 INFO CodeGenerator: Code generated in 233.702654 ms
24/11/20 19:49:02 INFO MemoryStore: Block broadcast_0 stored as values in memory (estimated size 199.7 KiB, free 434.2 MiB)
24/11/20 19:49:02 INFO MemoryStore: Block broadcast_0_piece0 stored as bytes in memory (estimated size 34.3 KiB, free 434.2 MiB)
24/11/20 19:49:02 INFO BlockManagerInfo: Added broadcast_0_piece0 in memory on udc-aw32-9c1:34781 (size: 34.3 KiB, free: 434.4 MiB)
24/11/20 19:49:02 INFO SparkContext: Created broadcast 0 from csv at NativeMethodAccessorImpl.java:0
24/11/20 19:49:02 INFO FileSourceScanExec: Planning scan with bin packing, max size: 16922599 bytes, open cost is considered as scanning 4194304 bytes.
24/11/20 19:49:02 INFO SparkContext: Starting job: csv at NativeMethodAccessorImpl.java:0
24/11/20 19:49:02 INFO DAGScheduler: Got job 0 (csv at NativeMethodAccessorImpl.java:0) with 1 output partitions
24/11/20 19:49:02 INFO DAGScheduler: Final stage: ResultStage 0 (csv at NativeMethodAccessorImpl.java:0)
24/11/20 19:49:02 INFO DAGScheduler: Parents of final stage: List()
24/11/20 19:49:02 INFO DAGScheduler: Missing parents: List()
24/11/20 19:49:02 INFO DAGScheduler: Submitting ResultStage 0 (MapPartitionsRDD[3] at csv at NativeMethodAccessorImpl.java:0), which has no missing parents
24/11/20 19:49:02 INFO MemoryStore: Block broadcast_1 stored as values in memory (estimated size 12.1 KiB, free 434.2 MiB)
24/11/20 19:49:02 INFO MemoryStore: Block broadcast_1_piece0 stored as bytes in memory (estimated size 6.0 KiB, free 434.2 MiB)
24/11/20 19:49:02 INFO BlockManagerInfo: Added broadcast_1_piece0 in memory on udc-aw32-9c1:34781 (size: 6.0 KiB, free: 434.4 MiB)
24/11/20 19:49:02 INFO SparkContext: Created broadcast 1 from broadcast at DAGScheduler.scala:1535
24/11/20 19:49:02 INFO DAGScheduler: Submitting 1 missing tasks from ResultStage 0 (MapPartitionsRDD[3] at csv at NativeMethodAccessorImpl.java:0) (first 15 tasks are for partitions Vector(0))
24/11/20 19:49:02 INFO TaskSchedulerImpl: Adding task set 0.0 with 1 tasks resource profile 0
24/11/20 19:49:03 INFO TaskSetManager: Starting task 0.0 in stage 0.0 (TID 0) (udc-aw32-9c1, executor driver, partition 0, PROCESS_LOCAL, 7978 bytes) 
24/11/20 19:49:03 INFO Executor: Running task 0.0 in stage 0.0 (TID 0)
24/11/20 19:49:03 INFO FileScanRDD: Reading File path: file:///scratch/zrc3hc/combined_games.csv/part-00000-d9873ecd-4456-48c8-9402-d269637939bf-c000.csv, range: 0-16922599, partition values: [empty row]
24/11/20 19:49:03 INFO CodeGenerator: Code generated in 11.505808 ms
24/11/20 19:49:03 INFO Executor: Finished task 0.0 in stage 0.0 (TID 0). 1643 bytes result sent to driver
24/11/20 19:49:03 INFO TaskSetManager: Finished task 0.0 in stage 0.0 (TID 0) in 219 ms on udc-aw32-9c1 (executor driver) (1/1)
24/11/20 19:49:03 INFO TaskSchedulerImpl: Removed TaskSet 0.0, whose tasks have all completed, from pool 
24/11/20 19:49:03 INFO DAGScheduler: ResultStage 0 (csv at NativeMethodAccessorImpl.java:0) finished in 0.359 s
24/11/20 19:49:03 INFO DAGScheduler: Job 0 is finished. Cancelling potential speculative or zombie tasks for this job
24/11/20 19:49:03 INFO TaskSchedulerImpl: Killing all running tasks in stage 0: Stage finished
24/11/20 19:49:03 INFO DAGScheduler: Job 0 finished: csv at NativeMethodAccessorImpl.java:0, took 0.409268 s
24/11/20 19:49:03 INFO CodeGenerator: Code generated in 9.289915 ms
24/11/20 19:49:03 INFO FileSourceStrategy: Pushed Filters: 
24/11/20 19:49:03 INFO FileSourceStrategy: Post-Scan Filters: 
24/11/20 19:49:03 INFO MemoryStore: Block broadcast_2 stored as values in memory (estimated size 199.7 KiB, free 434.0 MiB)
24/11/20 19:49:03 INFO MemoryStore: Block broadcast_2_piece0 stored as bytes in memory (estimated size 34.3 KiB, free 433.9 MiB)
24/11/20 19:49:03 INFO BlockManagerInfo: Added broadcast_2_piece0 in memory on udc-aw32-9c1:34781 (size: 34.3 KiB, free: 434.3 MiB)
24/11/20 19:49:03 INFO SparkContext: Created broadcast 2 from csv at NativeMethodAccessorImpl.java:0
24/11/20 19:49:03 INFO FileSourceScanExec: Planning scan with bin packing, max size: 16922599 bytes, open cost is considered as scanning 4194304 bytes.
24/11/20 19:49:03 INFO SparkContext: Starting job: csv at NativeMethodAccessorImpl.java:0
24/11/20 19:49:03 INFO DAGScheduler: Got job 1 (csv at NativeMethodAccessorImpl.java:0) with 8 output partitions
24/11/20 19:49:03 INFO DAGScheduler: Final stage: ResultStage 1 (csv at NativeMethodAccessorImpl.java:0)
24/11/20 19:49:03 INFO DAGScheduler: Parents of final stage: List()
24/11/20 19:49:03 INFO DAGScheduler: Missing parents: List()
24/11/20 19:49:03 INFO DAGScheduler: Submitting ResultStage 1 (MapPartitionsRDD[9] at csv at NativeMethodAccessorImpl.java:0), which has no missing parents
24/11/20 19:49:03 INFO MemoryStore: Block broadcast_3 stored as values in memory (estimated size 26.1 KiB, free 433.9 MiB)
24/11/20 19:49:03 INFO MemoryStore: Block broadcast_3_piece0 stored as bytes in memory (estimated size 12.2 KiB, free 433.9 MiB)
24/11/20 19:49:03 INFO BlockManagerInfo: Added broadcast_3_piece0 in memory on udc-aw32-9c1:34781 (size: 12.2 KiB, free: 434.3 MiB)
24/11/20 19:49:03 INFO SparkContext: Created broadcast 3 from broadcast at DAGScheduler.scala:1535
24/11/20 19:49:03 INFO DAGScheduler: Submitting 8 missing tasks from ResultStage 1 (MapPartitionsRDD[9] at csv at NativeMethodAccessorImpl.java:0) (first 15 tasks are for partitions Vector(0, 1, 2, 3, 4, 5, 6, 7))
24/11/20 19:49:03 INFO TaskSchedulerImpl: Adding task set 1.0 with 8 tasks resource profile 0
24/11/20 19:49:03 INFO TaskSetManager: Starting task 0.0 in stage 1.0 (TID 1) (udc-aw32-9c1, executor driver, partition 0, PROCESS_LOCAL, 7978 bytes) 
24/11/20 19:49:03 INFO TaskSetManager: Starting task 1.0 in stage 1.0 (TID 2) (udc-aw32-9c1, executor driver, partition 1, PROCESS_LOCAL, 7978 bytes) 
24/11/20 19:49:03 INFO TaskSetManager: Starting task 2.0 in stage 1.0 (TID 3) (udc-aw32-9c1, executor driver, partition 2, PROCESS_LOCAL, 7978 bytes) 
24/11/20 19:49:03 INFO TaskSetManager: Starting task 3.0 in stage 1.0 (TID 4) (udc-aw32-9c1, executor driver, partition 3, PROCESS_LOCAL, 7978 bytes) 
24/11/20 19:49:03 INFO TaskSetManager: Starting task 4.0 in stage 1.0 (TID 5) (udc-aw32-9c1, executor driver, partition 4, PROCESS_LOCAL, 7978 bytes) 
24/11/20 19:49:03 INFO TaskSetManager: Starting task 5.0 in stage 1.0 (TID 6) (udc-aw32-9c1, executor driver, partition 5, PROCESS_LOCAL, 7978 bytes) 
24/11/20 19:49:03 INFO TaskSetManager: Starting task 6.0 in stage 1.0 (TID 7) (udc-aw32-9c1, executor driver, partition 6, PROCESS_LOCAL, 7978 bytes) 
24/11/20 19:49:03 INFO TaskSetManager: Starting task 7.0 in stage 1.0 (TID 8) (udc-aw32-9c1, executor driver, partition 7, PROCESS_LOCAL, 7978 bytes) 
24/11/20 19:49:03 INFO Executor: Running task 0.0 in stage 1.0 (TID 1)
24/11/20 19:49:03 INFO Executor: Running task 1.0 in stage 1.0 (TID 2)
24/11/20 19:49:03 INFO Executor: Running task 2.0 in stage 1.0 (TID 3)
24/11/20 19:49:03 INFO Executor: Running task 3.0 in stage 1.0 (TID 4)
24/11/20 19:49:03 INFO Executor: Running task 5.0 in stage 1.0 (TID 6)
24/11/20 19:49:03 INFO Executor: Running task 6.0 in stage 1.0 (TID 7)
24/11/20 19:49:03 INFO Executor: Running task 4.0 in stage 1.0 (TID 5)
24/11/20 19:49:03 INFO Executor: Running task 7.0 in stage 1.0 (TID 8)
24/11/20 19:49:03 INFO FileScanRDD: Reading File path: file:///scratch/zrc3hc/combined_games.csv/part-00000-d9873ecd-4456-48c8-9402-d269637939bf-c000.csv, range: 0-16922599, partition values: [empty row]
24/11/20 19:49:03 INFO FileScanRDD: Reading File path: file:///scratch/zrc3hc/combined_games.csv/part-00000-d9873ecd-4456-48c8-9402-d269637939bf-c000.csv, range: 84612995-101535594, partition values: [empty row]
24/11/20 19:49:03 INFO FileScanRDD: Reading File path: file:///scratch/zrc3hc/combined_games.csv/part-00000-d9873ecd-4456-48c8-9402-d269637939bf-c000.csv, range: 50767797-67690396, partition values: [empty row]
24/11/20 19:49:03 INFO FileScanRDD: Reading File path: file:///scratch/zrc3hc/combined_games.csv/part-00000-d9873ecd-4456-48c8-9402-d269637939bf-c000.csv, range: 33845198-50767797, partition values: [empty row]
24/11/20 19:49:03 INFO FileScanRDD: Reading File path: file:///scratch/zrc3hc/combined_games.csv/part-00000-d9873ecd-4456-48c8-9402-d269637939bf-c000.csv, range: 101535594-118458193, partition values: [empty row]
24/11/20 19:49:03 INFO FileScanRDD: Reading File path: file:///scratch/zrc3hc/combined_games.csv/part-00000-d9873ecd-4456-48c8-9402-d269637939bf-c000.csv, range: 16922599-33845198, partition values: [empty row]
24/11/20 19:49:03 INFO FileScanRDD: Reading File path: file:///scratch/zrc3hc/combined_games.csv/part-00000-d9873ecd-4456-48c8-9402-d269637939bf-c000.csv, range: 67690396-84612995, partition values: [empty row]
24/11/20 19:49:03 INFO FileScanRDD: Reading File path: file:///scratch/zrc3hc/combined_games.csv/part-00000-d9873ecd-4456-48c8-9402-d269637939bf-c000.csv, range: 118458193-131186488, partition values: [empty row]
24/11/20 19:49:04 INFO BlockManagerInfo: Removed broadcast_0_piece0 on udc-aw32-9c1:34781 in memory (size: 34.3 KiB, free: 434.3 MiB)
24/11/20 19:49:04 INFO BlockManagerInfo: Removed broadcast_1_piece0 on udc-aw32-9c1:34781 in memory (size: 6.0 KiB, free: 434.4 MiB)
24/11/20 19:49:04 INFO Executor: Finished task 7.0 in stage 1.0 (TID 8). 1664 bytes result sent to driver
24/11/20 19:49:04 INFO TaskSetManager: Finished task 7.0 in stage 1.0 (TID 8) in 1386 ms on udc-aw32-9c1 (executor driver) (1/8)
24/11/20 19:49:05 INFO Executor: Finished task 2.0 in stage 1.0 (TID 3). 1621 bytes result sent to driver
24/11/20 19:49:05 INFO TaskSetManager: Finished task 2.0 in stage 1.0 (TID 3) in 1739 ms on udc-aw32-9c1 (executor driver) (2/8)
24/11/20 19:49:05 INFO Executor: Finished task 4.0 in stage 1.0 (TID 5). 1621 bytes result sent to driver
24/11/20 19:49:05 INFO Executor: Finished task 6.0 in stage 1.0 (TID 7). 1621 bytes result sent to driver
24/11/20 19:49:05 INFO TaskSetManager: Finished task 4.0 in stage 1.0 (TID 5) in 1785 ms on udc-aw32-9c1 (executor driver) (3/8)
24/11/20 19:49:05 INFO Executor: Finished task 1.0 in stage 1.0 (TID 2). 1621 bytes result sent to driver
24/11/20 19:49:05 INFO TaskSetManager: Finished task 1.0 in stage 1.0 (TID 2) in 1788 ms on udc-aw32-9c1 (executor driver) (4/8)
24/11/20 19:49:05 INFO TaskSetManager: Finished task 6.0 in stage 1.0 (TID 7) in 1793 ms on udc-aw32-9c1 (executor driver) (5/8)
24/11/20 19:49:05 INFO Executor: Finished task 5.0 in stage 1.0 (TID 6). 1621 bytes result sent to driver
24/11/20 19:49:05 INFO TaskSetManager: Finished task 5.0 in stage 1.0 (TID 6) in 1853 ms on udc-aw32-9c1 (executor driver) (6/8)
24/11/20 19:49:05 INFO Executor: Finished task 3.0 in stage 1.0 (TID 4). 1621 bytes result sent to driver
24/11/20 19:49:05 INFO TaskSetManager: Finished task 3.0 in stage 1.0 (TID 4) in 1860 ms on udc-aw32-9c1 (executor driver) (7/8)
24/11/20 19:49:05 INFO Executor: Finished task 0.0 in stage 1.0 (TID 1). 1621 bytes result sent to driver
24/11/20 19:49:05 INFO TaskSetManager: Finished task 0.0 in stage 1.0 (TID 1) in 1870 ms on udc-aw32-9c1 (executor driver) (8/8)
24/11/20 19:49:05 INFO TaskSchedulerImpl: Removed TaskSet 1.0, whose tasks have all completed, from pool 
24/11/20 19:49:05 INFO DAGScheduler: ResultStage 1 (csv at NativeMethodAccessorImpl.java:0) finished in 1.923 s
24/11/20 19:49:05 INFO DAGScheduler: Job 1 is finished. Cancelling potential speculative or zombie tasks for this job
24/11/20 19:49:05 INFO TaskSchedulerImpl: Killing all running tasks in stage 1: Stage finished
24/11/20 19:49:05 INFO DAGScheduler: Job 1 finished: csv at NativeMethodAccessorImpl.java:0, took 1.934687 s
24/11/20 19:49:05 INFO FileSourceStrategy: Pushed Filters: 
24/11/20 19:49:05 INFO FileSourceStrategy: Post-Scan Filters: 
24/11/20 19:49:05 INFO HashAggregateExec: spark.sql.codegen.aggregate.map.twolevel.enabled is set to true, but current version of codegened fast hashmap does not support this aggregate.
24/11/20 19:49:05 INFO CodeGenerator: Code generated in 24.944716 ms
24/11/20 19:49:05 INFO MemoryStore: Block broadcast_4 stored as values in memory (estimated size 199.5 KiB, free 433.9 MiB)
24/11/20 19:49:05 INFO MemoryStore: Block broadcast_4_piece0 stored as bytes in memory (estimated size 34.2 KiB, free 433.9 MiB)
24/11/20 19:49:05 INFO BlockManagerInfo: Added broadcast_4_piece0 in memory on udc-aw32-9c1:34781 (size: 34.2 KiB, free: 434.3 MiB)
24/11/20 19:49:05 INFO SparkContext: Created broadcast 4 from count at NativeMethodAccessorImpl.java:0
24/11/20 19:49:05 INFO FileSourceScanExec: Planning scan with bin packing, max size: 16922599 bytes, open cost is considered as scanning 4194304 bytes.
24/11/20 19:49:05 INFO DAGScheduler: Registering RDD 13 (count at NativeMethodAccessorImpl.java:0) as input to shuffle 0
24/11/20 19:49:05 INFO DAGScheduler: Got map stage job 2 (count at NativeMethodAccessorImpl.java:0) with 8 output partitions
24/11/20 19:49:05 INFO DAGScheduler: Final stage: ShuffleMapStage 2 (count at NativeMethodAccessorImpl.java:0)
24/11/20 19:49:05 INFO DAGScheduler: Parents of final stage: List()
24/11/20 19:49:05 INFO DAGScheduler: Missing parents: List()
24/11/20 19:49:05 INFO DAGScheduler: Submitting ShuffleMapStage 2 (MapPartitionsRDD[13] at count at NativeMethodAccessorImpl.java:0), which has no missing parents
24/11/20 19:49:05 INFO MemoryStore: Block broadcast_5 stored as values in memory (estimated size 23.1 KiB, free 433.9 MiB)
24/11/20 19:49:05 INFO MemoryStore: Block broadcast_5_piece0 stored as bytes in memory (estimated size 11.2 KiB, free 433.9 MiB)
24/11/20 19:49:05 INFO BlockManagerInfo: Added broadcast_5_piece0 in memory on udc-aw32-9c1:34781 (size: 11.2 KiB, free: 434.3 MiB)
24/11/20 19:49:05 INFO SparkContext: Created broadcast 5 from broadcast at DAGScheduler.scala:1535
24/11/20 19:49:05 INFO DAGScheduler: Submitting 8 missing tasks from ShuffleMapStage 2 (MapPartitionsRDD[13] at count at NativeMethodAccessorImpl.java:0) (first 15 tasks are for partitions Vector(0, 1, 2, 3, 4, 5, 6, 7))
24/11/20 19:49:05 INFO TaskSchedulerImpl: Adding task set 2.0 with 8 tasks resource profile 0
24/11/20 19:49:05 INFO TaskSetManager: Starting task 0.0 in stage 2.0 (TID 9) (udc-aw32-9c1, executor driver, partition 0, PROCESS_LOCAL, 7967 bytes) 
24/11/20 19:49:05 INFO TaskSetManager: Starting task 1.0 in stage 2.0 (TID 10) (udc-aw32-9c1, executor driver, partition 1, PROCESS_LOCAL, 7967 bytes) 
24/11/20 19:49:05 INFO TaskSetManager: Starting task 2.0 in stage 2.0 (TID 11) (udc-aw32-9c1, executor driver, partition 2, PROCESS_LOCAL, 7967 bytes) 
24/11/20 19:49:05 INFO TaskSetManager: Starting task 3.0 in stage 2.0 (TID 12) (udc-aw32-9c1, executor driver, partition 3, PROCESS_LOCAL, 7967 bytes) 
24/11/20 19:49:05 INFO TaskSetManager: Starting task 4.0 in stage 2.0 (TID 13) (udc-aw32-9c1, executor driver, partition 4, PROCESS_LOCAL, 7967 bytes) 
24/11/20 19:49:05 INFO TaskSetManager: Starting task 5.0 in stage 2.0 (TID 14) (udc-aw32-9c1, executor driver, partition 5, PROCESS_LOCAL, 7967 bytes) 
24/11/20 19:49:05 INFO TaskSetManager: Starting task 6.0 in stage 2.0 (TID 15) (udc-aw32-9c1, executor driver, partition 6, PROCESS_LOCAL, 7967 bytes) 
24/11/20 19:49:05 INFO TaskSetManager: Starting task 7.0 in stage 2.0 (TID 16) (udc-aw32-9c1, executor driver, partition 7, PROCESS_LOCAL, 7967 bytes) 
24/11/20 19:49:05 INFO Executor: Running task 0.0 in stage 2.0 (TID 9)
24/11/20 19:49:05 INFO Executor: Running task 5.0 in stage 2.0 (TID 14)
24/11/20 19:49:05 INFO Executor: Running task 4.0 in stage 2.0 (TID 13)
24/11/20 19:49:05 INFO Executor: Running task 7.0 in stage 2.0 (TID 16)
24/11/20 19:49:05 INFO Executor: Running task 2.0 in stage 2.0 (TID 11)
24/11/20 19:49:05 INFO Executor: Running task 3.0 in stage 2.0 (TID 12)
24/11/20 19:49:05 INFO Executor: Running task 1.0 in stage 2.0 (TID 10)
24/11/20 19:49:05 INFO Executor: Running task 6.0 in stage 2.0 (TID 15)
24/11/20 19:49:05 INFO CodeGenerator: Code generated in 13.684 ms
24/11/20 19:49:05 INFO CodeGenerator: Code generated in 7.65197 ms
24/11/20 19:49:05 INFO CodeGenerator: Code generated in 10.660579 ms
24/11/20 19:49:05 INFO FileScanRDD: Reading File path: file:///scratch/zrc3hc/combined_games.csv/part-00000-d9873ecd-4456-48c8-9402-d269637939bf-c000.csv, range: 67690396-84612995, partition values: [empty row]
24/11/20 19:49:05 INFO FileScanRDD: Reading File path: file:///scratch/zrc3hc/combined_games.csv/part-00000-d9873ecd-4456-48c8-9402-d269637939bf-c000.csv, range: 33845198-50767797, partition values: [empty row]
24/11/20 19:49:05 INFO FileScanRDD: Reading File path: file:///scratch/zrc3hc/combined_games.csv/part-00000-d9873ecd-4456-48c8-9402-d269637939bf-c000.csv, range: 16922599-33845198, partition values: [empty row]
24/11/20 19:49:05 INFO FileScanRDD: Reading File path: file:///scratch/zrc3hc/combined_games.csv/part-00000-d9873ecd-4456-48c8-9402-d269637939bf-c000.csv, range: 0-16922599, partition values: [empty row]
24/11/20 19:49:05 INFO FileScanRDD: Reading File path: file:///scratch/zrc3hc/combined_games.csv/part-00000-d9873ecd-4456-48c8-9402-d269637939bf-c000.csv, range: 101535594-118458193, partition values: [empty row]
24/11/20 19:49:05 INFO FileScanRDD: Reading File path: file:///scratch/zrc3hc/combined_games.csv/part-00000-d9873ecd-4456-48c8-9402-d269637939bf-c000.csv, range: 84612995-101535594, partition values: [empty row]
24/11/20 19:49:05 INFO FileScanRDD: Reading File path: file:///scratch/zrc3hc/combined_games.csv/part-00000-d9873ecd-4456-48c8-9402-d269637939bf-c000.csv, range: 118458193-131186488, partition values: [empty row]
24/11/20 19:49:05 INFO FileScanRDD: Reading File path: file:///scratch/zrc3hc/combined_games.csv/part-00000-d9873ecd-4456-48c8-9402-d269637939bf-c000.csv, range: 50767797-67690396, partition values: [empty row]
24/11/20 19:49:06 INFO BlockManagerInfo: Removed broadcast_2_piece0 on udc-aw32-9c1:34781 in memory (size: 34.3 KiB, free: 434.3 MiB)
24/11/20 19:49:06 INFO BlockManagerInfo: Removed broadcast_3_piece0 on udc-aw32-9c1:34781 in memory (size: 12.2 KiB, free: 434.4 MiB)
24/11/20 19:49:07 INFO Executor: Finished task 3.0 in stage 2.0 (TID 12). 2808 bytes result sent to driver
24/11/20 19:49:07 INFO Executor: Finished task 6.0 in stage 2.0 (TID 15). 2808 bytes result sent to driver
24/11/20 19:49:07 INFO Executor: Finished task 2.0 in stage 2.0 (TID 11). 2808 bytes result sent to driver
24/11/20 19:49:07 INFO Executor: Finished task 7.0 in stage 2.0 (TID 16). 2765 bytes result sent to driver
24/11/20 19:49:07 INFO Executor: Finished task 5.0 in stage 2.0 (TID 14). 2808 bytes result sent to driver
24/11/20 19:49:07 INFO Executor: Finished task 4.0 in stage 2.0 (TID 13). 2765 bytes result sent to driver
24/11/20 19:49:07 INFO TaskSetManager: Finished task 2.0 in stage 2.0 (TID 11) in 1940 ms on udc-aw32-9c1 (executor driver) (1/8)
24/11/20 19:49:07 INFO Executor: Finished task 0.0 in stage 2.0 (TID 9). 2808 bytes result sent to driver
24/11/20 19:49:07 INFO TaskSetManager: Finished task 7.0 in stage 2.0 (TID 16) in 1938 ms on udc-aw32-9c1 (executor driver) (2/8)
24/11/20 19:49:07 INFO TaskSetManager: Finished task 3.0 in stage 2.0 (TID 12) in 1941 ms on udc-aw32-9c1 (executor driver) (3/8)
24/11/20 19:49:07 INFO TaskSetManager: Finished task 5.0 in stage 2.0 (TID 14) in 1939 ms on udc-aw32-9c1 (executor driver) (4/8)
24/11/20 19:49:07 INFO TaskSetManager: Finished task 6.0 in stage 2.0 (TID 15) in 1940 ms on udc-aw32-9c1 (executor driver) (5/8)
24/11/20 19:49:07 INFO TaskSetManager: Finished task 4.0 in stage 2.0 (TID 13) in 1943 ms on udc-aw32-9c1 (executor driver) (6/8)
24/11/20 19:49:07 INFO TaskSetManager: Finished task 0.0 in stage 2.0 (TID 9) in 1949 ms on udc-aw32-9c1 (executor driver) (7/8)
24/11/20 19:49:07 INFO Executor: Finished task 1.0 in stage 2.0 (TID 10). 2765 bytes result sent to driver
24/11/20 19:49:07 INFO TaskSetManager: Finished task 1.0 in stage 2.0 (TID 10) in 1974 ms on udc-aw32-9c1 (executor driver) (8/8)
24/11/20 19:49:07 INFO TaskSchedulerImpl: Removed TaskSet 2.0, whose tasks have all completed, from pool 
24/11/20 19:49:07 INFO DAGScheduler: ShuffleMapStage 2 (count at NativeMethodAccessorImpl.java:0) finished in 2.000 s
24/11/20 19:49:07 INFO DAGScheduler: looking for newly runnable stages
24/11/20 19:49:07 INFO DAGScheduler: running: Set()
24/11/20 19:49:07 INFO DAGScheduler: waiting: Set()
24/11/20 19:49:07 INFO DAGScheduler: failed: Set()
24/11/20 19:49:07 INFO ShufflePartitionsUtil: For shuffle(0), advisory target size: 67108864, actual target size 1048576, minimum partition size: 1048576
24/11/20 19:49:07 INFO HashAggregateExec: spark.sql.codegen.aggregate.map.twolevel.enabled is set to true, but current version of codegened fast hashmap does not support this aggregate.
24/11/20 19:49:07 INFO CodeGenerator: Code generated in 19.755098 ms
24/11/20 19:49:07 INFO DAGScheduler: Registering RDD 16 (count at NativeMethodAccessorImpl.java:0) as input to shuffle 1
24/11/20 19:49:07 INFO DAGScheduler: Got map stage job 3 (count at NativeMethodAccessorImpl.java:0) with 1 output partitions
24/11/20 19:49:07 INFO DAGScheduler: Final stage: ShuffleMapStage 4 (count at NativeMethodAccessorImpl.java:0)
24/11/20 19:49:07 INFO DAGScheduler: Parents of final stage: List(ShuffleMapStage 3)
24/11/20 19:49:07 INFO DAGScheduler: Missing parents: List()
24/11/20 19:49:07 INFO DAGScheduler: Submitting ShuffleMapStage 4 (MapPartitionsRDD[16] at count at NativeMethodAccessorImpl.java:0), which has no missing parents
24/11/20 19:49:07 INFO MemoryStore: Block broadcast_6 stored as values in memory (estimated size 39.4 KiB, free 434.1 MiB)
24/11/20 19:49:07 INFO MemoryStore: Block broadcast_6_piece0 stored as bytes in memory (estimated size 18.6 KiB, free 434.1 MiB)
24/11/20 19:49:07 INFO BlockManagerInfo: Added broadcast_6_piece0 in memory on udc-aw32-9c1:34781 (size: 18.6 KiB, free: 434.3 MiB)
24/11/20 19:49:07 INFO SparkContext: Created broadcast 6 from broadcast at DAGScheduler.scala:1535
24/11/20 19:49:07 INFO DAGScheduler: Submitting 1 missing tasks from ShuffleMapStage 4 (MapPartitionsRDD[16] at count at NativeMethodAccessorImpl.java:0) (first 15 tasks are for partitions Vector(0))
24/11/20 19:49:07 INFO TaskSchedulerImpl: Adding task set 4.0 with 1 tasks resource profile 0
24/11/20 19:49:07 INFO TaskSetManager: Starting task 0.0 in stage 4.0 (TID 17) (udc-aw32-9c1, executor driver, partition 0, NODE_LOCAL, 7352 bytes) 
24/11/20 19:49:07 INFO Executor: Running task 0.0 in stage 4.0 (TID 17)
24/11/20 19:49:07 INFO ShuffleBlockFetcherIterator: Getting 8 (822.7 KiB) non-empty blocks including 8 (822.7 KiB) local and 0 (0.0 B) host-local and 0 (0.0 B) push-merged-local and 0 (0.0 B) remote blocks
24/11/20 19:49:07 INFO ShuffleBlockFetcherIterator: Started 0 remote fetches in 16 ms
24/11/20 19:49:08 INFO Executor: Finished task 0.0 in stage 4.0 (TID 17). 5595 bytes result sent to driver
24/11/20 19:49:08 INFO TaskSetManager: Finished task 0.0 in stage 4.0 (TID 17) in 311 ms on udc-aw32-9c1 (executor driver) (1/1)
24/11/20 19:49:08 INFO TaskSchedulerImpl: Removed TaskSet 4.0, whose tasks have all completed, from pool 
24/11/20 19:49:08 INFO DAGScheduler: ShuffleMapStage 4 (count at NativeMethodAccessorImpl.java:0) finished in 0.336 s
24/11/20 19:49:08 INFO DAGScheduler: looking for newly runnable stages
24/11/20 19:49:08 INFO DAGScheduler: running: Set()
24/11/20 19:49:08 INFO DAGScheduler: waiting: Set()
24/11/20 19:49:08 INFO DAGScheduler: failed: Set()
24/11/20 19:49:08 INFO CodeGenerator: Code generated in 9.930073 ms
24/11/20 19:49:08 INFO SparkContext: Starting job: count at NativeMethodAccessorImpl.java:0
24/11/20 19:49:08 INFO DAGScheduler: Got job 4 (count at NativeMethodAccessorImpl.java:0) with 1 output partitions
24/11/20 19:49:08 INFO DAGScheduler: Final stage: ResultStage 7 (count at NativeMethodAccessorImpl.java:0)
24/11/20 19:49:08 INFO DAGScheduler: Parents of final stage: List(ShuffleMapStage 6)
24/11/20 19:49:08 INFO DAGScheduler: Missing parents: List()
24/11/20 19:49:08 INFO DAGScheduler: Submitting ResultStage 7 (MapPartitionsRDD[19] at count at NativeMethodAccessorImpl.java:0), which has no missing parents
24/11/20 19:49:08 INFO MemoryStore: Block broadcast_7 stored as values in memory (estimated size 12.1 KiB, free 434.1 MiB)
24/11/20 19:49:08 INFO MemoryStore: Block broadcast_7_piece0 stored as bytes in memory (estimated size 5.8 KiB, free 434.1 MiB)
24/11/20 19:49:08 INFO BlockManagerInfo: Added broadcast_7_piece0 in memory on udc-aw32-9c1:34781 (size: 5.8 KiB, free: 434.3 MiB)
24/11/20 19:49:08 INFO SparkContext: Created broadcast 7 from broadcast at DAGScheduler.scala:1535
24/11/20 19:49:08 INFO DAGScheduler: Submitting 1 missing tasks from ResultStage 7 (MapPartitionsRDD[19] at count at NativeMethodAccessorImpl.java:0) (first 15 tasks are for partitions Vector(0))
24/11/20 19:49:08 INFO TaskSchedulerImpl: Adding task set 7.0 with 1 tasks resource profile 0
24/11/20 19:49:08 INFO TaskSetManager: Starting task 0.0 in stage 7.0 (TID 18) (udc-aw32-9c1, executor driver, partition 0, NODE_LOCAL, 7363 bytes) 
24/11/20 19:49:08 INFO Executor: Running task 0.0 in stage 7.0 (TID 18)
24/11/20 19:49:08 INFO ShuffleBlockFetcherIterator: Getting 1 (60.0 B) non-empty blocks including 1 (60.0 B) local and 0 (0.0 B) host-local and 0 (0.0 B) push-merged-local and 0 (0.0 B) remote blocks
24/11/20 19:49:08 INFO ShuffleBlockFetcherIterator: Started 0 remote fetches in 0 ms
24/11/20 19:49:08 INFO Executor: Finished task 0.0 in stage 7.0 (TID 18). 3995 bytes result sent to driver
24/11/20 19:49:08 INFO TaskSetManager: Finished task 0.0 in stage 7.0 (TID 18) in 18 ms on udc-aw32-9c1 (executor driver) (1/1)
24/11/20 19:49:08 INFO TaskSchedulerImpl: Removed TaskSet 7.0, whose tasks have all completed, from pool 
24/11/20 19:49:08 INFO DAGScheduler: ResultStage 7 (count at NativeMethodAccessorImpl.java:0) finished in 0.037 s
24/11/20 19:49:08 INFO DAGScheduler: Job 4 is finished. Cancelling potential speculative or zombie tasks for this job
24/11/20 19:49:08 INFO TaskSchedulerImpl: Killing all running tasks in stage 7: Stage finished
24/11/20 19:49:08 INFO DAGScheduler: Job 4 finished: count at NativeMethodAccessorImpl.java:0, took 0.047127 s
24/11/20 19:49:08 INFO FileSourceStrategy: Pushed Filters: 
24/11/20 19:49:08 INFO FileSourceStrategy: Post-Scan Filters: 
24/11/20 19:49:08 INFO HashAggregateExec: spark.sql.codegen.aggregate.map.twolevel.enabled is set to true, but current version of codegened fast hashmap does not support this aggregate.
24/11/20 19:49:08 INFO MemoryStore: Block broadcast_8 stored as values in memory (estimated size 199.5 KiB, free 433.9 MiB)
24/11/20 19:49:08 INFO MemoryStore: Block broadcast_8_piece0 stored as bytes in memory (estimated size 34.2 KiB, free 433.8 MiB)
24/11/20 19:49:08 INFO BlockManagerInfo: Added broadcast_8_piece0 in memory on udc-aw32-9c1:34781 (size: 34.2 KiB, free: 434.3 MiB)
24/11/20 19:49:08 INFO SparkContext: Created broadcast 8 from collect at /sfs/gpfs/tardis/home/zrc3hc/Chess/1. Preprocessing/transforming_chess_data.py:135
24/11/20 19:49:08 INFO FileSourceScanExec: Planning scan with bin packing, max size: 16922599 bytes, open cost is considered as scanning 4194304 bytes.
24/11/20 19:49:08 INFO DAGScheduler: Registering RDD 28 (collect at /sfs/gpfs/tardis/home/zrc3hc/Chess/1. Preprocessing/transforming_chess_data.py:135) as input to shuffle 2
24/11/20 19:49:08 INFO DAGScheduler: Got map stage job 5 (collect at /sfs/gpfs/tardis/home/zrc3hc/Chess/1. Preprocessing/transforming_chess_data.py:135) with 8 output partitions
24/11/20 19:49:08 INFO DAGScheduler: Final stage: ShuffleMapStage 8 (collect at /sfs/gpfs/tardis/home/zrc3hc/Chess/1. Preprocessing/transforming_chess_data.py:135)
24/11/20 19:49:08 INFO DAGScheduler: Parents of final stage: List()
24/11/20 19:49:08 INFO DAGScheduler: Missing parents: List()
24/11/20 19:49:08 INFO DAGScheduler: Submitting ShuffleMapStage 8 (MapPartitionsRDD[28] at collect at /sfs/gpfs/tardis/home/zrc3hc/Chess/1. Preprocessing/transforming_chess_data.py:135), which has no missing parents
24/11/20 19:49:08 INFO MemoryStore: Block broadcast_9 stored as values in memory (estimated size 23.1 KiB, free 433.8 MiB)
24/11/20 19:49:08 INFO MemoryStore: Block broadcast_9_piece0 stored as bytes in memory (estimated size 11.2 KiB, free 433.8 MiB)
24/11/20 19:49:08 INFO BlockManagerInfo: Added broadcast_9_piece0 in memory on udc-aw32-9c1:34781 (size: 11.2 KiB, free: 434.3 MiB)
24/11/20 19:49:08 INFO SparkContext: Created broadcast 9 from broadcast at DAGScheduler.scala:1535
24/11/20 19:49:08 INFO DAGScheduler: Submitting 8 missing tasks from ShuffleMapStage 8 (MapPartitionsRDD[28] at collect at /sfs/gpfs/tardis/home/zrc3hc/Chess/1. Preprocessing/transforming_chess_data.py:135) (first 15 tasks are for partitions Vector(0, 1, 2, 3, 4, 5, 6, 7))
24/11/20 19:49:08 INFO TaskSchedulerImpl: Adding task set 8.0 with 8 tasks resource profile 0
24/11/20 19:49:08 INFO TaskSetManager: Starting task 0.0 in stage 8.0 (TID 19) (udc-aw32-9c1, executor driver, partition 0, PROCESS_LOCAL, 7967 bytes) 
24/11/20 19:49:08 INFO TaskSetManager: Starting task 1.0 in stage 8.0 (TID 20) (udc-aw32-9c1, executor driver, partition 1, PROCESS_LOCAL, 7967 bytes) 
24/11/20 19:49:08 INFO TaskSetManager: Starting task 2.0 in stage 8.0 (TID 21) (udc-aw32-9c1, executor driver, partition 2, PROCESS_LOCAL, 7967 bytes) 
24/11/20 19:49:08 INFO TaskSetManager: Starting task 3.0 in stage 8.0 (TID 22) (udc-aw32-9c1, executor driver, partition 3, PROCESS_LOCAL, 7967 bytes) 
24/11/20 19:49:08 INFO TaskSetManager: Starting task 4.0 in stage 8.0 (TID 23) (udc-aw32-9c1, executor driver, partition 4, PROCESS_LOCAL, 7967 bytes) 
24/11/20 19:49:08 INFO TaskSetManager: Starting task 5.0 in stage 8.0 (TID 24) (udc-aw32-9c1, executor driver, partition 5, PROCESS_LOCAL, 7967 bytes) 
24/11/20 19:49:08 INFO TaskSetManager: Starting task 6.0 in stage 8.0 (TID 25) (udc-aw32-9c1, executor driver, partition 6, PROCESS_LOCAL, 7967 bytes) 
24/11/20 19:49:08 INFO TaskSetManager: Starting task 7.0 in stage 8.0 (TID 26) (udc-aw32-9c1, executor driver, partition 7, PROCESS_LOCAL, 7967 bytes) 
24/11/20 19:49:08 INFO Executor: Running task 0.0 in stage 8.0 (TID 19)
24/11/20 19:49:08 INFO Executor: Running task 3.0 in stage 8.0 (TID 22)
24/11/20 19:49:08 INFO Executor: Running task 4.0 in stage 8.0 (TID 23)
24/11/20 19:49:08 INFO Executor: Running task 6.0 in stage 8.0 (TID 25)
24/11/20 19:49:08 INFO Executor: Running task 2.0 in stage 8.0 (TID 21)
24/11/20 19:49:08 INFO Executor: Running task 5.0 in stage 8.0 (TID 24)
24/11/20 19:49:08 INFO Executor: Running task 1.0 in stage 8.0 (TID 20)
24/11/20 19:49:08 INFO Executor: Running task 7.0 in stage 8.0 (TID 26)
24/11/20 19:49:08 INFO FileScanRDD: Reading File path: file:///scratch/zrc3hc/combined_games.csv/part-00000-d9873ecd-4456-48c8-9402-d269637939bf-c000.csv, range: 84612995-101535594, partition values: [empty row]
24/11/20 19:49:08 INFO FileScanRDD: Reading File path: file:///scratch/zrc3hc/combined_games.csv/part-00000-d9873ecd-4456-48c8-9402-d269637939bf-c000.csv, range: 101535594-118458193, partition values: [empty row]
24/11/20 19:49:08 INFO FileScanRDD: Reading File path: file:///scratch/zrc3hc/combined_games.csv/part-00000-d9873ecd-4456-48c8-9402-d269637939bf-c000.csv, range: 50767797-67690396, partition values: [empty row]
24/11/20 19:49:08 INFO FileScanRDD: Reading File path: file:///scratch/zrc3hc/combined_games.csv/part-00000-d9873ecd-4456-48c8-9402-d269637939bf-c000.csv, range: 33845198-50767797, partition values: [empty row]
24/11/20 19:49:08 INFO FileScanRDD: Reading File path: file:///scratch/zrc3hc/combined_games.csv/part-00000-d9873ecd-4456-48c8-9402-d269637939bf-c000.csv, range: 0-16922599, partition values: [empty row]
24/11/20 19:49:08 INFO FileScanRDD: Reading File path: file:///scratch/zrc3hc/combined_games.csv/part-00000-d9873ecd-4456-48c8-9402-d269637939bf-c000.csv, range: 118458193-131186488, partition values: [empty row]
24/11/20 19:49:08 INFO FileScanRDD: Reading File path: file:///scratch/zrc3hc/combined_games.csv/part-00000-d9873ecd-4456-48c8-9402-d269637939bf-c000.csv, range: 16922599-33845198, partition values: [empty row]
24/11/20 19:49:08 INFO FileScanRDD: Reading File path: file:///scratch/zrc3hc/combined_games.csv/part-00000-d9873ecd-4456-48c8-9402-d269637939bf-c000.csv, range: 67690396-84612995, partition values: [empty row]
24/11/20 19:49:09 INFO BlockManagerInfo: Removed broadcast_6_piece0 on udc-aw32-9c1:34781 in memory (size: 18.6 KiB, free: 434.3 MiB)
24/11/20 19:49:09 INFO BlockManagerInfo: Removed broadcast_7_piece0 on udc-aw32-9c1:34781 in memory (size: 5.8 KiB, free: 434.3 MiB)
24/11/20 19:49:10 INFO Executor: Finished task 7.0 in stage 8.0 (TID 26). 2808 bytes result sent to driver
24/11/20 19:49:10 INFO Executor: Finished task 3.0 in stage 8.0 (TID 22). 2765 bytes result sent to driver
24/11/20 19:49:10 INFO TaskSetManager: Finished task 7.0 in stage 8.0 (TID 26) in 1591 ms on udc-aw32-9c1 (executor driver) (1/8)
24/11/20 19:49:10 INFO TaskSetManager: Finished task 3.0 in stage 8.0 (TID 22) in 1592 ms on udc-aw32-9c1 (executor driver) (2/8)
24/11/20 19:49:10 INFO Executor: Finished task 4.0 in stage 8.0 (TID 23). 2765 bytes result sent to driver
24/11/20 19:49:10 INFO TaskSetManager: Finished task 4.0 in stage 8.0 (TID 23) in 1628 ms on udc-aw32-9c1 (executor driver) (3/8)
24/11/20 19:49:10 INFO Executor: Finished task 2.0 in stage 8.0 (TID 21). 2765 bytes result sent to driver
24/11/20 19:49:10 INFO TaskSetManager: Finished task 2.0 in stage 8.0 (TID 21) in 1643 ms on udc-aw32-9c1 (executor driver) (4/8)
24/11/20 19:49:10 INFO Executor: Finished task 0.0 in stage 8.0 (TID 19). 2765 bytes result sent to driver
24/11/20 19:49:10 INFO TaskSetManager: Finished task 0.0 in stage 8.0 (TID 19) in 1652 ms on udc-aw32-9c1 (executor driver) (5/8)
24/11/20 19:49:10 INFO Executor: Finished task 1.0 in stage 8.0 (TID 20). 2765 bytes result sent to driver
24/11/20 19:49:10 INFO TaskSetManager: Finished task 1.0 in stage 8.0 (TID 20) in 1655 ms on udc-aw32-9c1 (executor driver) (6/8)
24/11/20 19:49:10 INFO Executor: Finished task 6.0 in stage 8.0 (TID 25). 2765 bytes result sent to driver
24/11/20 19:49:10 INFO TaskSetManager: Finished task 6.0 in stage 8.0 (TID 25) in 1713 ms on udc-aw32-9c1 (executor driver) (7/8)
24/11/20 19:49:10 INFO Executor: Finished task 5.0 in stage 8.0 (TID 24). 2765 bytes result sent to driver
24/11/20 19:49:10 INFO TaskSetManager: Finished task 5.0 in stage 8.0 (TID 24) in 1979 ms on udc-aw32-9c1 (executor driver) (8/8)
24/11/20 19:49:10 INFO TaskSchedulerImpl: Removed TaskSet 8.0, whose tasks have all completed, from pool 
24/11/20 19:49:10 INFO DAGScheduler: ShuffleMapStage 8 (collect at /sfs/gpfs/tardis/home/zrc3hc/Chess/1. Preprocessing/transforming_chess_data.py:135) finished in 2.003 s
24/11/20 19:49:10 INFO DAGScheduler: looking for newly runnable stages
24/11/20 19:49:10 INFO DAGScheduler: running: Set()
24/11/20 19:49:10 INFO DAGScheduler: waiting: Set()
24/11/20 19:49:10 INFO DAGScheduler: failed: Set()
24/11/20 19:49:10 INFO ShufflePartitionsUtil: For shuffle(2), advisory target size: 67108864, actual target size 1048576, minimum partition size: 1048576
24/11/20 19:49:10 INFO HashAggregateExec: spark.sql.codegen.aggregate.map.twolevel.enabled is set to true, but current version of codegened fast hashmap does not support this aggregate.
24/11/20 19:49:10 INFO CodeGenerator: Code generated in 17.101541 ms
24/11/20 19:49:10 INFO SparkContext: Starting job: collect at /sfs/gpfs/tardis/home/zrc3hc/Chess/1. Preprocessing/transforming_chess_data.py:135
24/11/20 19:49:10 INFO DAGScheduler: Got job 6 (collect at /sfs/gpfs/tardis/home/zrc3hc/Chess/1. Preprocessing/transforming_chess_data.py:135) with 1 output partitions
24/11/20 19:49:10 INFO DAGScheduler: Final stage: ResultStage 10 (collect at /sfs/gpfs/tardis/home/zrc3hc/Chess/1. Preprocessing/transforming_chess_data.py:135)
24/11/20 19:49:10 INFO DAGScheduler: Parents of final stage: List(ShuffleMapStage 9)
24/11/20 19:49:10 INFO DAGScheduler: Missing parents: List()
24/11/20 19:49:10 INFO DAGScheduler: Submitting ResultStage 10 (MapPartitionsRDD[31] at collect at /sfs/gpfs/tardis/home/zrc3hc/Chess/1. Preprocessing/transforming_chess_data.py:135), which has no missing parents
24/11/20 19:49:10 INFO MemoryStore: Block broadcast_10 stored as values in memory (estimated size 35.1 KiB, free 433.8 MiB)
24/11/20 19:49:10 INFO MemoryStore: Block broadcast_10_piece0 stored as bytes in memory (estimated size 16.6 KiB, free 433.8 MiB)
24/11/20 19:49:10 INFO BlockManagerInfo: Added broadcast_10_piece0 in memory on udc-aw32-9c1:34781 (size: 16.6 KiB, free: 434.3 MiB)
24/11/20 19:49:10 INFO SparkContext: Created broadcast 10 from broadcast at DAGScheduler.scala:1535
24/11/20 19:49:10 INFO DAGScheduler: Submitting 1 missing tasks from ResultStage 10 (MapPartitionsRDD[31] at collect at /sfs/gpfs/tardis/home/zrc3hc/Chess/1. Preprocessing/transforming_chess_data.py:135) (first 15 tasks are for partitions Vector(0))
24/11/20 19:49:10 INFO TaskSchedulerImpl: Adding task set 10.0 with 1 tasks resource profile 0
24/11/20 19:49:10 INFO TaskSetManager: Starting task 0.0 in stage 10.0 (TID 27) (udc-aw32-9c1, executor driver, partition 0, NODE_LOCAL, 7363 bytes) 
24/11/20 19:49:10 INFO Executor: Running task 0.0 in stage 10.0 (TID 27)
24/11/20 19:49:10 INFO ShuffleBlockFetcherIterator: Getting 8 (822.7 KiB) non-empty blocks including 8 (822.7 KiB) local and 0 (0.0 B) host-local and 0 (0.0 B) push-merged-local and 0 (0.0 B) remote blocks
24/11/20 19:49:10 INFO ShuffleBlockFetcherIterator: Started 0 remote fetches in 2 ms
24/11/20 19:49:10 INFO Executor: Finished task 0.0 in stage 10.0 (TID 27). 526831 bytes result sent to driver
24/11/20 19:49:11 INFO TaskSetManager: Finished task 0.0 in stage 10.0 (TID 27) in 211 ms on udc-aw32-9c1 (executor driver) (1/1)
24/11/20 19:49:11 INFO TaskSchedulerImpl: Removed TaskSet 10.0, whose tasks have all completed, from pool 
24/11/20 19:49:11 INFO DAGScheduler: ResultStage 10 (collect at /sfs/gpfs/tardis/home/zrc3hc/Chess/1. Preprocessing/transforming_chess_data.py:135) finished in 0.233 s
24/11/20 19:49:11 INFO DAGScheduler: Job 6 is finished. Cancelling potential speculative or zombie tasks for this job
24/11/20 19:49:11 INFO TaskSchedulerImpl: Killing all running tasks in stage 10: Stage finished
24/11/20 19:49:11 INFO DAGScheduler: Job 6 finished: collect at /sfs/gpfs/tardis/home/zrc3hc/Chess/1. Preprocessing/transforming_chess_data.py:135, took 0.254669 s
24/11/20 19:49:11 INFO FileSourceStrategy: Pushed Filters: IsNotNull(game_id),EqualTo(game_id,148)
24/11/20 19:49:11 INFO FileSourceStrategy: Post-Scan Filters: isnotnull(game_id#18),(game_id#18 = 148)
24/11/20 19:49:11 INFO CodeGenerator: Code generated in 10.864776 ms
24/11/20 19:49:11 INFO MemoryStore: Block broadcast_11 stored as values in memory (estimated size 199.5 KiB, free 433.6 MiB)
24/11/20 19:49:11 INFO MemoryStore: Block broadcast_11_piece0 stored as bytes in memory (estimated size 34.2 KiB, free 433.6 MiB)
24/11/20 19:49:11 INFO BlockManagerInfo: Added broadcast_11_piece0 in memory on udc-aw32-9c1:34781 (size: 34.2 KiB, free: 434.3 MiB)
24/11/20 19:49:11 INFO SparkContext: Created broadcast 11 from count at NativeMethodAccessorImpl.java:0
24/11/20 19:49:11 INFO FileSourceScanExec: Planning scan with bin packing, max size: 16922599 bytes, open cost is considered as scanning 4194304 bytes.
24/11/20 19:49:11 INFO DAGScheduler: Registering RDD 40 (count at NativeMethodAccessorImpl.java:0) as input to shuffle 3
24/11/20 19:49:11 INFO DAGScheduler: Got map stage job 7 (count at NativeMethodAccessorImpl.java:0) with 8 output partitions
24/11/20 19:49:11 INFO DAGScheduler: Final stage: ShuffleMapStage 11 (count at NativeMethodAccessorImpl.java:0)
24/11/20 19:49:11 INFO DAGScheduler: Parents of final stage: List()
24/11/20 19:49:11 INFO DAGScheduler: Missing parents: List()
24/11/20 19:49:11 INFO DAGScheduler: Submitting ShuffleMapStage 11 (MapPartitionsRDD[40] at count at NativeMethodAccessorImpl.java:0), which has no missing parents
24/11/20 19:49:11 INFO MemoryStore: Block broadcast_12 stored as values in memory (estimated size 17.4 KiB, free 433.6 MiB)
24/11/20 19:49:11 INFO MemoryStore: Block broadcast_12_piece0 stored as bytes in memory (estimated size 8.8 KiB, free 433.6 MiB)
24/11/20 19:49:11 INFO BlockManagerInfo: Added broadcast_12_piece0 in memory on udc-aw32-9c1:34781 (size: 8.8 KiB, free: 434.3 MiB)
24/11/20 19:49:11 INFO SparkContext: Created broadcast 12 from broadcast at DAGScheduler.scala:1535
24/11/20 19:49:11 INFO DAGScheduler: Submitting 8 missing tasks from ShuffleMapStage 11 (MapPartitionsRDD[40] at count at NativeMethodAccessorImpl.java:0) (first 15 tasks are for partitions Vector(0, 1, 2, 3, 4, 5, 6, 7))
24/11/20 19:49:11 INFO TaskSchedulerImpl: Adding task set 11.0 with 8 tasks resource profile 0
24/11/20 19:49:11 INFO TaskSetManager: Starting task 0.0 in stage 11.0 (TID 28) (udc-aw32-9c1, executor driver, partition 0, PROCESS_LOCAL, 7967 bytes) 
24/11/20 19:49:11 INFO TaskSetManager: Starting task 1.0 in stage 11.0 (TID 29) (udc-aw32-9c1, executor driver, partition 1, PROCESS_LOCAL, 7967 bytes) 
24/11/20 19:49:11 INFO TaskSetManager: Starting task 2.0 in stage 11.0 (TID 30) (udc-aw32-9c1, executor driver, partition 2, PROCESS_LOCAL, 7967 bytes) 
24/11/20 19:49:11 INFO TaskSetManager: Starting task 3.0 in stage 11.0 (TID 31) (udc-aw32-9c1, executor driver, partition 3, PROCESS_LOCAL, 7967 bytes) 
24/11/20 19:49:11 INFO TaskSetManager: Starting task 4.0 in stage 11.0 (TID 32) (udc-aw32-9c1, executor driver, partition 4, PROCESS_LOCAL, 7967 bytes) 
24/11/20 19:49:11 INFO TaskSetManager: Starting task 5.0 in stage 11.0 (TID 33) (udc-aw32-9c1, executor driver, partition 5, PROCESS_LOCAL, 7967 bytes) 
24/11/20 19:49:11 INFO TaskSetManager: Starting task 6.0 in stage 11.0 (TID 34) (udc-aw32-9c1, executor driver, partition 6, PROCESS_LOCAL, 7967 bytes) 
24/11/20 19:49:11 INFO TaskSetManager: Starting task 7.0 in stage 11.0 (TID 35) (udc-aw32-9c1, executor driver, partition 7, PROCESS_LOCAL, 7967 bytes) 
24/11/20 19:49:11 INFO Executor: Running task 1.0 in stage 11.0 (TID 29)
24/11/20 19:49:11 INFO Executor: Running task 7.0 in stage 11.0 (TID 35)
24/11/20 19:49:11 INFO Executor: Running task 4.0 in stage 11.0 (TID 32)
24/11/20 19:49:11 INFO Executor: Running task 3.0 in stage 11.0 (TID 31)
24/11/20 19:49:11 INFO Executor: Running task 5.0 in stage 11.0 (TID 33)
24/11/20 19:49:11 INFO Executor: Running task 6.0 in stage 11.0 (TID 34)
24/11/20 19:49:11 INFO Executor: Running task 2.0 in stage 11.0 (TID 30)
24/11/20 19:49:11 INFO FileScanRDD: Reading File path: file:///scratch/zrc3hc/combined_games.csv/part-00000-d9873ecd-4456-48c8-9402-d269637939bf-c000.csv, range: 50767797-67690396, partition values: [empty row]
24/11/20 19:49:11 INFO Executor: Running task 0.0 in stage 11.0 (TID 28)
24/11/20 19:49:11 INFO FileScanRDD: Reading File path: file:///scratch/zrc3hc/combined_games.csv/part-00000-d9873ecd-4456-48c8-9402-d269637939bf-c000.csv, range: 101535594-118458193, partition values: [empty row]
24/11/20 19:49:11 INFO FileScanRDD: Reading File path: file:///scratch/zrc3hc/combined_games.csv/part-00000-d9873ecd-4456-48c8-9402-d269637939bf-c000.csv, range: 16922599-33845198, partition values: [empty row]
24/11/20 19:49:11 INFO FileScanRDD: Reading File path: file:///scratch/zrc3hc/combined_games.csv/part-00000-d9873ecd-4456-48c8-9402-d269637939bf-c000.csv, range: 67690396-84612995, partition values: [empty row]
24/11/20 19:49:11 INFO FileScanRDD: Reading File path: file:///scratch/zrc3hc/combined_games.csv/part-00000-d9873ecd-4456-48c8-9402-d269637939bf-c000.csv, range: 84612995-101535594, partition values: [empty row]
24/11/20 19:49:11 INFO FileScanRDD: Reading File path: file:///scratch/zrc3hc/combined_games.csv/part-00000-d9873ecd-4456-48c8-9402-d269637939bf-c000.csv, range: 33845198-50767797, partition values: [empty row]
24/11/20 19:49:11 INFO FileScanRDD: Reading File path: file:///scratch/zrc3hc/combined_games.csv/part-00000-d9873ecd-4456-48c8-9402-d269637939bf-c000.csv, range: 118458193-131186488, partition values: [empty row]
24/11/20 19:49:11 INFO CodeGenerator: Code generated in 6.000173 ms
24/11/20 19:49:11 INFO FileScanRDD: Reading File path: file:///scratch/zrc3hc/combined_games.csv/part-00000-d9873ecd-4456-48c8-9402-d269637939bf-c000.csv, range: 0-16922599, partition values: [empty row]
24/11/20 19:49:11 INFO BlockManagerInfo: Removed broadcast_9_piece0 on udc-aw32-9c1:34781 in memory (size: 11.2 KiB, free: 434.3 MiB)
24/11/20 19:49:11 INFO BlockManagerInfo: Removed broadcast_10_piece0 on udc-aw32-9c1:34781 in memory (size: 16.6 KiB, free: 434.3 MiB)
24/11/20 19:49:12 INFO Executor: Finished task 7.0 in stage 11.0 (TID 35). 1984 bytes result sent to driver
24/11/20 19:49:12 INFO TaskSetManager: Finished task 7.0 in stage 11.0 (TID 35) in 818 ms on udc-aw32-9c1 (executor driver) (1/8)
24/11/20 19:49:12 INFO Executor: Finished task 6.0 in stage 11.0 (TID 34). 1984 bytes result sent to driver
24/11/20 19:49:12 INFO TaskSetManager: Finished task 6.0 in stage 11.0 (TID 34) in 1007 ms on udc-aw32-9c1 (executor driver) (2/8)
24/11/20 19:49:12 INFO Executor: Finished task 5.0 in stage 11.0 (TID 33). 1984 bytes result sent to driver
24/11/20 19:49:12 INFO TaskSetManager: Finished task 5.0 in stage 11.0 (TID 33) in 1044 ms on udc-aw32-9c1 (executor driver) (3/8)
24/11/20 19:49:12 INFO Executor: Finished task 0.0 in stage 11.0 (TID 28). 2027 bytes result sent to driver
24/11/20 19:49:12 INFO TaskSetManager: Finished task 0.0 in stage 11.0 (TID 28) in 1052 ms on udc-aw32-9c1 (executor driver) (4/8)
24/11/20 19:49:12 INFO Executor: Finished task 2.0 in stage 11.0 (TID 30). 1984 bytes result sent to driver
24/11/20 19:49:12 INFO TaskSetManager: Finished task 2.0 in stage 11.0 (TID 30) in 1058 ms on udc-aw32-9c1 (executor driver) (5/8)
24/11/20 19:49:12 INFO Executor: Finished task 3.0 in stage 11.0 (TID 31). 1984 bytes result sent to driver
24/11/20 19:49:12 INFO TaskSetManager: Finished task 3.0 in stage 11.0 (TID 31) in 1138 ms on udc-aw32-9c1 (executor driver) (6/8)
24/11/20 19:49:12 INFO Executor: Finished task 4.0 in stage 11.0 (TID 32). 1984 bytes result sent to driver
24/11/20 19:49:12 INFO TaskSetManager: Finished task 4.0 in stage 11.0 (TID 32) in 1143 ms on udc-aw32-9c1 (executor driver) (7/8)
24/11/20 19:49:12 INFO Executor: Finished task 1.0 in stage 11.0 (TID 29). 1984 bytes result sent to driver
24/11/20 19:49:12 INFO TaskSetManager: Finished task 1.0 in stage 11.0 (TID 29) in 1200 ms on udc-aw32-9c1 (executor driver) (8/8)
24/11/20 19:49:12 INFO TaskSchedulerImpl: Removed TaskSet 11.0, whose tasks have all completed, from pool 
24/11/20 19:49:12 INFO DAGScheduler: ShuffleMapStage 11 (count at NativeMethodAccessorImpl.java:0) finished in 1.232 s
24/11/20 19:49:12 INFO DAGScheduler: looking for newly runnable stages
24/11/20 19:49:12 INFO DAGScheduler: running: Set()
24/11/20 19:49:12 INFO DAGScheduler: waiting: Set()
24/11/20 19:49:12 INFO DAGScheduler: failed: Set()
24/11/20 19:49:12 INFO CodeGenerator: Code generated in 8.850355 ms
24/11/20 19:49:12 INFO SparkContext: Starting job: count at NativeMethodAccessorImpl.java:0
24/11/20 19:49:12 INFO DAGScheduler: Got job 8 (count at NativeMethodAccessorImpl.java:0) with 1 output partitions
24/11/20 19:49:12 INFO DAGScheduler: Final stage: ResultStage 13 (count at NativeMethodAccessorImpl.java:0)
24/11/20 19:49:12 INFO DAGScheduler: Parents of final stage: List(ShuffleMapStage 12)
24/11/20 19:49:12 INFO DAGScheduler: Missing parents: List()
24/11/20 19:49:12 INFO DAGScheduler: Submitting ResultStage 13 (MapPartitionsRDD[43] at count at NativeMethodAccessorImpl.java:0), which has no missing parents
24/11/20 19:49:12 INFO MemoryStore: Block broadcast_13 stored as values in memory (estimated size 12.1 KiB, free 433.6 MiB)
24/11/20 19:49:12 INFO MemoryStore: Block broadcast_13_piece0 stored as bytes in memory (estimated size 5.8 KiB, free 433.6 MiB)
24/11/20 19:49:12 INFO BlockManagerInfo: Added broadcast_13_piece0 in memory on udc-aw32-9c1:34781 (size: 5.8 KiB, free: 434.3 MiB)
24/11/20 19:49:12 INFO SparkContext: Created broadcast 13 from broadcast at DAGScheduler.scala:1535
24/11/20 19:49:12 INFO DAGScheduler: Submitting 1 missing tasks from ResultStage 13 (MapPartitionsRDD[43] at count at NativeMethodAccessorImpl.java:0) (first 15 tasks are for partitions Vector(0))
24/11/20 19:49:12 INFO TaskSchedulerImpl: Adding task set 13.0 with 1 tasks resource profile 0
24/11/20 19:49:12 INFO TaskSetManager: Starting task 0.0 in stage 13.0 (TID 36) (udc-aw32-9c1, executor driver, partition 0, NODE_LOCAL, 7363 bytes) 
24/11/20 19:49:12 INFO Executor: Running task 0.0 in stage 13.0 (TID 36)
24/11/20 19:49:13 INFO ShuffleBlockFetcherIterator: Getting 8 (480.0 B) non-empty blocks including 8 (480.0 B) local and 0 (0.0 B) host-local and 0 (0.0 B) push-merged-local and 0 (0.0 B) remote blocks
24/11/20 19:49:13 INFO ShuffleBlockFetcherIterator: Started 0 remote fetches in 0 ms
24/11/20 19:49:13 INFO Executor: Finished task 0.0 in stage 13.0 (TID 36). 3995 bytes result sent to driver
24/11/20 19:49:13 INFO TaskSetManager: Finished task 0.0 in stage 13.0 (TID 36) in 16 ms on udc-aw32-9c1 (executor driver) (1/1)
24/11/20 19:49:13 INFO TaskSchedulerImpl: Removed TaskSet 13.0, whose tasks have all completed, from pool 
24/11/20 19:49:13 INFO DAGScheduler: ResultStage 13 (count at NativeMethodAccessorImpl.java:0) finished in 0.026 s
24/11/20 19:49:13 INFO DAGScheduler: Job 8 is finished. Cancelling potential speculative or zombie tasks for this job
24/11/20 19:49:13 INFO TaskSchedulerImpl: Killing all running tasks in stage 13: Stage finished
24/11/20 19:49:13 INFO DAGScheduler: Job 8 finished: count at NativeMethodAccessorImpl.java:0, took 0.030396 s
24/11/20 19:49:15 INFO BlockManagerInfo: Removed broadcast_12_piece0 on udc-aw32-9c1:34781 in memory (size: 8.8 KiB, free: 434.3 MiB)
24/11/20 19:49:15 INFO BlockManagerInfo: Removed broadcast_8_piece0 on udc-aw32-9c1:34781 in memory (size: 34.2 KiB, free: 434.3 MiB)
24/11/20 19:49:15 INFO BlockManagerInfo: Removed broadcast_13_piece0 on udc-aw32-9c1:34781 in memory (size: 5.8 KiB, free: 434.3 MiB)
24/11/20 19:49:17 INFO BlockManagerInfo: Removed broadcast_11_piece0 on udc-aw32-9c1:34781 in memory (size: 34.2 KiB, free: 434.4 MiB)
24/11/20 19:52:50 INFO BlockManagerInfo: Removed broadcast_4_piece0 on udc-aw32-9c1:34781 in memory (size: 34.2 KiB, free: 434.4 MiB)
24/11/20 19:52:50 INFO BlockManagerInfo: Removed broadcast_5_piece0 on udc-aw32-9c1:34781 in memory (size: 11.2 KiB, free: 434.4 MiB)

Exception: java.lang.OutOfMemoryError thrown from the UncaughtExceptionHandler in thread "netty-rpc-env-timeout"
Exception in thread "RemoteBlock-temp-file-clean-thread" Exception in thread "executor-kill-mark-cleanup" java.lang.OutOfMemoryError: Java heap space
java.lang.OutOfMemoryError: Java heap space
24/11/20 20:03:52 ERROR Utils: Uncaught exception in thread driver-heartbeater
java.lang.OutOfMemoryError: Java heap space
24/11/20 20:03:52 ERROR Utils: uncaught error in thread Spark Context Cleaner, stopping SparkContext
java.lang.OutOfMemoryError: Java heap space
24/11/20 20:03:52 ERROR Utils: throw uncaught fatal error in thread Spark Context Cleaner
java.lang.OutOfMemoryError: Java heap space
24/11/20 20:03:52 INFO SparkContext: SparkContext is stopping with exitCode 0.
Exception in thread "Spark Context Cleaner" java.lang.OutOfMemoryError: Java heap space
24/11/20 20:03:52 INFO SparkUI: Stopped Spark web UI at http://udc-aw32-9c1:4040
24/11/20 20:03:52 INFO MapOutputTrackerMasterEndpoint: MapOutputTrackerMasterEndpoint stopped!
24/11/20 20:03:53 INFO MemoryStore: MemoryStore cleared
24/11/20 20:03:53 INFO BlockManager: BlockManager stopped
24/11/20 20:03:53 INFO BlockManagerMaster: BlockManagerMaster stopped
24/11/20 20:03:53 INFO OutputCommitCoordinator$OutputCommitCoordinatorEndpoint: OutputCommitCoordinator stopped!
24/11/20 20:03:53 INFO SparkContext: Successfully stopped SparkContext
24/11/20 20:03:53 INFO ShutdownHookManager: Shutdown hook called
24/11/20 20:03:53 INFO ShutdownHookManager: Deleting directory /tmp/spark-a8e5ee35-e8bb-4e89-8609-c760fe267fe6
24/11/20 20:03:53 INFO ShutdownHookManager: Deleting directory /sfs/weka/scratch/zrc3hc/spark-dfb6f121-7ae5-4a8a-91f9-66c04817c925
24/11/20 20:03:53 INFO ShutdownHookManager: Deleting directory /sfs/weka/scratch/zrc3hc/spark-dfb6f121-7ae5-4a8a-91f9-66c04817c925/pyspark-0517191c-a8e5-4b39-b86a-8c42a71b9936
